This file contains any messages produced by compilers while
running configure, to aid debugging if configure makes a mistake.

It was created by buddy configure 2.4, which was
generated by GNU Autoconf 2.59.  Invocation command line was

  $ ./configure 

## --------- ##
## Platform. ##
## --------- ##

hostname = techelite-desktop
uname -m = x86_64
uname -r = 5.8.0-53-generic
uname -s = Linux
uname -v = #60~20.04.1-Ubuntu SMP Thu May 6 09:52:46 UTC 2021

/usr/bin/uname -p = x86_64
/bin/uname -X     = unknown

/bin/arch              = x86_64
/usr/bin/arch -k       = unknown
/usr/convex/getsysinfo = unknown
hostinfo               = unknown
/bin/machine           = unknown
/usr/bin/oslevel       = unknown
/bin/universe          = unknown

PATH: /usr/local/sbin
PATH: /usr/local/bin
PATH: /usr/sbin
PATH: /usr/bin
PATH: /sbin
PATH: /bin
PATH: /usr/games
PATH: /usr/local/games
PATH: /snap/bin
PATH: /bin
PATH: /sbin
PATH: /opt/spark/sbin


## ----------- ##
## Core tests. ##
## ----------- ##

configure:1549: checking for a BSD-compatible install
configure:1604: result: /usr/bin/install -c
configure:1615: checking whether build environment is sane
configure:1658: result: yes
configure:1715: checking for gawk
configure:1744: result: no
configure:1715: checking for mawk
configure:1731: found /usr/bin/mawk
configure:1741: result: mawk
configure:1751: checking whether make sets $(MAKE)
configure:1771: result: yes
configure:1986: checking for gcc
configure:2002: found /usr/bin/gcc
configure:2012: result: gcc
configure:2256: checking for C compiler version
configure:2259: gcc --version </dev/null >&5
gcc (Ubuntu 9.3.0-17ubuntu1~20.04) 9.3.0
Copyright (C) 2019 Free Software Foundation, Inc.
This is free software; see the source for copying conditions.  There is NO
warranty; not even for MERCHANTABILITY or FITNESS FOR A PARTICULAR PURPOSE.

configure:2262: $? = 0
configure:2264: gcc -v </dev/null >&5
Using built-in specs.
COLLECT_GCC=gcc
COLLECT_LTO_WRAPPER=/usr/lib/gcc/x86_64-linux-gnu/9/lto-wrapper
OFFLOAD_TARGET_NAMES=nvptx-none:hsa
OFFLOAD_TARGET_DEFAULT=1
Target: x86_64-linux-gnu
Configured with: ../src/configure -v --with-pkgversion='Ubuntu 9.3.0-17ubuntu1~20.04' --with-bugurl=file:///usr/share/doc/gcc-9/README.Bugs --enable-languages=c,ada,c++,go,brig,d,fortran,objc,obj-c++,gm2 --prefix=/usr --with-gcc-major-version-only --program-suffix=-9 --program-prefix=x86_64-linux-gnu- --enable-shared --enable-linker-build-id --libexecdir=/usr/lib --without-included-gettext --enable-threads=posix --libdir=/usr/lib --enable-nls --enable-clocale=gnu --enable-libstdcxx-debug --enable-libstdcxx-time=yes --with-default-libstdcxx-abi=new --enable-gnu-unique-object --disable-vtable-verify --enable-plugin --enable-default-pie --with-system-zlib --with-target-system-zlib=auto --enable-objc-gc=auto --enable-multiarch --disable-werror --with-arch-32=i686 --with-abi=m64 --with-multilib-list=m32,m64,mx32 --enable-multilib --with-tune=generic --enable-offload-targets=nvptx-none=/build/gcc-9-HskZEa/gcc-9-9.3.0/debian/tmp-nvptx/usr,hsa --without-cuda-driver --enable-checking=release --build=x86_64-linux-gnu --host=x86_64-linux-gnu --target=x86_64-linux-gnu
Thread model: posix
gcc version 9.3.0 (Ubuntu 9.3.0-17ubuntu1~20.04) 
configure:2267: $? = 0
configure:2269: gcc -V </dev/null >&5
gcc: error: unrecognized command line option '-V'
gcc: fatal error: no input files
compilation terminated.
configure:2272: $? = 1
configure:2295: checking for C compiler default output file name
configure:2298: gcc    conftest.c  >&5
configure:2301: $? = 0
configure:2347: result: a.out
configure:2352: checking whether the C compiler works
configure:2358: ./a.out
configure:2361: $? = 0
configure:2378: result: yes
configure:2385: checking whether we are cross compiling
configure:2387: result: no
configure:2390: checking for suffix of executables
configure:2392: gcc -o conftest    conftest.c  >&5
configure:2395: $? = 0
configure:2420: result: 
configure:2426: checking for suffix of object files
configure:2447: gcc -c   conftest.c >&5
configure:2450: $? = 0
configure:2472: result: o
configure:2476: checking whether we are using the GNU C compiler
configure:2500: gcc -c   conftest.c >&5
configure:2506: $? = 0
configure:2510: test -z 
			 || test ! -s conftest.err
configure:2513: $? = 0
configure:2516: test -s conftest.o
configure:2519: $? = 0
configure:2532: result: yes
configure:2538: checking whether gcc accepts -g
configure:2559: gcc -c -g  conftest.c >&5
configure:2565: $? = 0
configure:2569: test -z 
			 || test ! -s conftest.err
configure:2572: $? = 0
configure:2575: test -s conftest.o
configure:2578: $? = 0
configure:2589: result: yes
configure:2606: checking for gcc option to accept ANSI C
configure:2676: gcc  -c -g -O2  conftest.c >&5
configure:2682: $? = 0
configure:2686: test -z 
			 || test ! -s conftest.err
configure:2689: $? = 0
configure:2692: test -s conftest.o
configure:2695: $? = 0
configure:2713: result: none needed
configure:2731: gcc -c -g -O2  conftest.c >&5
conftest.c:2:3: error: unknown type name 'choke'
    2 |   choke me
      |   ^~~~~
conftest.c:2:3: error: expected '=', ',', ';', 'asm' or '__attribute__' at end of input
configure:2737: $? = 1
configure: failed program was:
| #ifndef __cplusplus
|   choke me
| #endif
configure:2881: checking for style of include used by make
configure:2909: result: GNU
configure:2937: checking dependency style of gcc
configure:3027: result: gcc3
configure:3050: checking for flex
configure:3066: found /usr/bin/flex
configure:3076: result: flex
configure:3089: checking for yywrap in -lfl
configure:3119: gcc -o conftest -g -O2   conftest.c -lfl   >&5
/usr/bin/ld: /usr/lib/gcc/x86_64-linux-gnu/9/../../../x86_64-linux-gnu/libfl.so: undefined reference to `yylex'
collect2: error: ld returned 1 exit status
configure:3125: $? = 1
configure: failed program was:
| /* confdefs.h.  */
| 
| #define PACKAGE_NAME "buddy"
| #define PACKAGE_TARNAME "buddy"
| #define PACKAGE_VERSION "2.4"
| #define PACKAGE_STRING "buddy 2.4"
| #define PACKAGE_BUGREPORT ""
| #define MAJOR_VERSION 2
| #define MINOR_VERSION 4
| /* end confdefs.h.  */
| 
| /* Override any gcc2 internal prototype to avoid an error.  */
| #ifdef __cplusplus
| extern "C"
| #endif
| /* We use char because int might match the return type of a gcc2
|    builtin and then its argument prototype would still apply.  */
| char yywrap ();
| int
| main ()
| {
| yywrap ();
|   ;
|   return 0;
| }
configure:3151: result: no
configure:3156: checking for yywrap in -ll
configure:3186: gcc -o conftest -g -O2   conftest.c -ll   >&5
configure:3192: $? = 0
configure:3196: test -z 
			 || test ! -s conftest.err
configure:3199: $? = 0
configure:3202: test -s conftest
configure:3205: $? = 0
configure:3218: result: yes
configure:3229: checking lex output file root
configure:3240: flex conftest.l
configure:3243: $? = 0
configure:3255: result: lex.yy
configure:3260: checking whether yytext is a pointer
configure:3276: gcc -o conftest -g -O2   conftest.c  -ll >&5
configure:3282: $? = 0
configure:3286: test -z 
			 || test ! -s conftest.err
configure:3289: $? = 0
configure:3292: test -s conftest
configure:3295: $? = 0
configure:3309: result: yes
configure:3252: checking for bison
configure:3268: found /usr/bin/bison
configure:3278: result: bison -y
configure:3342: checking for g++
configure:3358: found /usr/bin/g++
configure:3368: result: g++
configure:3384: checking for C++ compiler version
configure:3387: g++ --version </dev/null >&5
g++ (Ubuntu 9.3.0-17ubuntu1~20.04) 9.3.0
Copyright (C) 2019 Free Software Foundation, Inc.
This is free software; see the source for copying conditions.  There is NO
warranty; not even for MERCHANTABILITY or FITNESS FOR A PARTICULAR PURPOSE.

configure:3390: $? = 0
configure:3392: g++ -v </dev/null >&5
Using built-in specs.
COLLECT_GCC=g++
COLLECT_LTO_WRAPPER=/usr/lib/gcc/x86_64-linux-gnu/9/lto-wrapper
OFFLOAD_TARGET_NAMES=nvptx-none:hsa
OFFLOAD_TARGET_DEFAULT=1
Target: x86_64-linux-gnu
Configured with: ../src/configure -v --with-pkgversion='Ubuntu 9.3.0-17ubuntu1~20.04' --with-bugurl=file:///usr/share/doc/gcc-9/README.Bugs --enable-languages=c,ada,c++,go,brig,d,fortran,objc,obj-c++,gm2 --prefix=/usr --with-gcc-major-version-only --program-suffix=-9 --program-prefix=x86_64-linux-gnu- --enable-shared --enable-linker-build-id --libexecdir=/usr/lib --without-included-gettext --enable-threads=posix --libdir=/usr/lib --enable-nls --enable-clocale=gnu --enable-libstdcxx-debug --enable-libstdcxx-time=yes --with-default-libstdcxx-abi=new --enable-gnu-unique-object --disable-vtable-verify --enable-plugin --enable-default-pie --with-system-zlib --with-target-system-zlib=auto --enable-objc-gc=auto --enable-multiarch --disable-werror --with-arch-32=i686 --with-abi=m64 --with-multilib-list=m32,m64,mx32 --enable-multilib --with-tune=generic --enable-offload-targets=nvptx-none=/build/gcc-9-HskZEa/gcc-9-9.3.0/debian/tmp-nvptx/usr,hsa --without-cuda-driver --enable-checking=release --build=x86_64-linux-gnu --host=x86_64-linux-gnu --target=x86_64-linux-gnu
Thread model: posix
gcc version 9.3.0 (Ubuntu 9.3.0-17ubuntu1~20.04) 
configure:3395: $? = 0
configure:3397: g++ -V </dev/null >&5
g++: error: unrecognized command line option '-V'
g++: fatal error: no input files
compilation terminated.
configure:3400: $? = 1
configure:3403: checking whether we are using the GNU C++ compiler
configure:3427: g++ -c   conftest.cc >&5
configure:3433: $? = 0
configure:3437: test -z 
			 || test ! -s conftest.err
configure:3440: $? = 0
configure:3443: test -s conftest.o
configure:3446: $? = 0
configure:3459: result: yes
configure:3465: checking whether g++ accepts -g
configure:3486: g++ -c -g  conftest.cc >&5
configure:3492: $? = 0
configure:3496: test -z 
			 || test ! -s conftest.err
configure:3499: $? = 0
configure:3502: test -s conftest.o
configure:3505: $? = 0
configure:3516: result: yes
configure:3558: g++ -c -g -O2  conftest.cc >&5
configure:3564: $? = 0
configure:3568: test -z 
			 || test ! -s conftest.err
configure:3571: $? = 0
configure:3574: test -s conftest.o
configure:3577: $? = 0
configure:3603: g++ -c -g -O2  conftest.cc >&5
conftest.cc: In function 'int main()':
conftest.cc:16:1: error: 'exit' was not declared in this scope
   16 | exit (42);
      | ^~~~
configure:3609: $? = 1
configure: failed program was:
| /* confdefs.h.  */
| 
| #define PACKAGE_NAME "buddy"
| #define PACKAGE_TARNAME "buddy"
| #define PACKAGE_VERSION "2.4"
| #define PACKAGE_STRING "buddy 2.4"
| #define PACKAGE_BUGREPORT ""
| #define MAJOR_VERSION 2
| #define MINOR_VERSION 4
| #define YYTEXT_POINTER 1
| /* end confdefs.h.  */
| 
| int
| main ()
| {
| exit (42);
|   ;
|   return 0;
| }
configure:3558: g++ -c -g -O2  conftest.cc >&5
configure:3564: $? = 0
configure:3568: test -z 
			 || test ! -s conftest.err
configure:3571: $? = 0
configure:3574: test -s conftest.o
configure:3577: $? = 0
configure:3603: g++ -c -g -O2  conftest.cc >&5
configure:3609: $? = 0
configure:3613: test -z 
			 || test ! -s conftest.err
configure:3616: $? = 0
configure:3619: test -s conftest.o
configure:3622: $? = 0
configure:3647: checking dependency style of g++
configure:3737: result: gcc3
configure:3833: checking build system type
configure:3851: result: x86_64-unknown-linux-gnu
configure:3859: checking host system type
configure:3873: result: x86_64-unknown-linux-gnu
configure:3881: checking for a sed that does not truncate output
configure:3935: result: /usr/bin/sed
configure:3938: checking for egrep
configure:3948: result: grep -E
configure:3964: checking for ld used by gcc
configure:4031: result: /usr/bin/ld
configure:4040: checking if the linker (/usr/bin/ld) is GNU ld
configure:4055: result: yes
configure:4060: checking for /usr/bin/ld option to reload object files
configure:4067: result: -r
configure:4076: checking for BSD-compatible nm
configure:4118: result: /usr/bin/nm -B
configure:4122: checking whether ln -s works
configure:4126: result: yes
configure:4133: checking how to recognise dependent libraries
configure:4316: result: pass_all
configure:4401: gcc -c -g -O2  conftest.c >&5
configure:4404: $? = 0
configure:4534: checking how to run the C preprocessor
configure:4569: gcc -E  conftest.c
configure:4575: $? = 0
configure:4607: gcc -E  conftest.c
conftest.c:15:10: fatal error: ac_nonexistent.h: No such file or directory
   15 | #include <ac_nonexistent.h>
      |          ^~~~~~~~~~~~~~~~~~
compilation terminated.
configure:4613: $? = 1
configure: failed program was:
| /* confdefs.h.  */
| 
| #define PACKAGE_NAME "buddy"
| #define PACKAGE_TARNAME "buddy"
| #define PACKAGE_VERSION "2.4"
| #define PACKAGE_STRING "buddy 2.4"
| #define PACKAGE_BUGREPORT ""
| #define MAJOR_VERSION 2
| #define MINOR_VERSION 4
| #define YYTEXT_POINTER 1
| #ifdef __cplusplus
| extern "C" void std::exit (int) throw (); using std::exit;
| #endif
| /* end confdefs.h.  */
| #include <ac_nonexistent.h>
configure:4652: result: gcc -E
configure:4676: gcc -E  conftest.c
configure:4682: $? = 0
configure:4714: gcc -E  conftest.c
conftest.c:15:10: fatal error: ac_nonexistent.h: No such file or directory
   15 | #include <ac_nonexistent.h>
      |          ^~~~~~~~~~~~~~~~~~
compilation terminated.
configure:4720: $? = 1
configure: failed program was:
| /* confdefs.h.  */
| 
| #define PACKAGE_NAME "buddy"
| #define PACKAGE_TARNAME "buddy"
| #define PACKAGE_VERSION "2.4"
| #define PACKAGE_STRING "buddy 2.4"
| #define PACKAGE_BUGREPORT ""
| #define MAJOR_VERSION 2
| #define MINOR_VERSION 4
| #define YYTEXT_POINTER 1
| #ifdef __cplusplus
| extern "C" void std::exit (int) throw (); using std::exit;
| #endif
| /* end confdefs.h.  */
| #include <ac_nonexistent.h>
configure:4764: checking for ANSI C header files
configure:4789: gcc -c -g -O2  conftest.c >&5
configure:4795: $? = 0
configure:4799: test -z 
			 || test ! -s conftest.err
configure:4802: $? = 0
configure:4805: test -s conftest.o
configure:4808: $? = 0
configure:4897: gcc -o conftest -g -O2   conftest.c  >&5
conftest.c: In function 'main':
conftest.c:32:7: warning: implicit declaration of function 'exit' [-Wimplicit-function-declaration]
   32 |       exit(2);
      |       ^~~~
conftest.c:32:7: warning: incompatible implicit declaration of built-in function 'exit'
conftest.c:16:1: note: include '<stdlib.h>' or provide a declaration of 'exit'
   15 | #include <ctype.h>
  +++ |+#include <stdlib.h>
   16 | #if ((' ' & 0x0FF) == 0x020)
conftest.c:33:3: warning: incompatible implicit declaration of built-in function 'exit'
   33 |   exit (0);
      |   ^~~~
conftest.c:33:3: note: include '<stdlib.h>' or provide a declaration of 'exit'
configure:4900: $? = 0
configure:4902: ./conftest
configure:4905: $? = 0
configure:4920: result: yes
configure:4944: checking for sys/types.h
configure:4960: gcc -c -g -O2  conftest.c >&5
configure:4966: $? = 0
configure:4970: test -z 
			 || test ! -s conftest.err
configure:4973: $? = 0
configure:4976: test -s conftest.o
configure:4979: $? = 0
configure:4990: result: yes
configure:4944: checking for sys/stat.h
configure:4960: gcc -c -g -O2  conftest.c >&5
configure:4966: $? = 0
configure:4970: test -z 
			 || test ! -s conftest.err
configure:4973: $? = 0
configure:4976: test -s conftest.o
configure:4979: $? = 0
configure:4990: result: yes
configure:4944: checking for stdlib.h
configure:4960: gcc -c -g -O2  conftest.c >&5
configure:4966: $? = 0
configure:4970: test -z 
			 || test ! -s conftest.err
configure:4973: $? = 0
configure:4976: test -s conftest.o
configure:4979: $? = 0
configure:4990: result: yes
configure:4944: checking for string.h
configure:4960: gcc -c -g -O2  conftest.c >&5
configure:4966: $? = 0
configure:4970: test -z 
			 || test ! -s conftest.err
configure:4973: $? = 0
configure:4976: test -s conftest.o
configure:4979: $? = 0
configure:4990: result: yes
configure:4944: checking for memory.h
configure:4960: gcc -c -g -O2  conftest.c >&5
configure:4966: $? = 0
configure:4970: test -z 
			 || test ! -s conftest.err
configure:4973: $? = 0
configure:4976: test -s conftest.o
configure:4979: $? = 0
configure:4990: result: yes
configure:4944: checking for strings.h
configure:4960: gcc -c -g -O2  conftest.c >&5
configure:4966: $? = 0
configure:4970: test -z 
			 || test ! -s conftest.err
configure:4973: $? = 0
configure:4976: test -s conftest.o
configure:4979: $? = 0
configure:4990: result: yes
configure:4944: checking for inttypes.h
configure:4960: gcc -c -g -O2  conftest.c >&5
configure:4966: $? = 0
configure:4970: test -z 
			 || test ! -s conftest.err
configure:4973: $? = 0
configure:4976: test -s conftest.o
configure:4979: $? = 0
configure:4990: result: yes
configure:4944: checking for stdint.h
configure:4960: gcc -c -g -O2  conftest.c >&5
configure:4966: $? = 0
configure:4970: test -z 
			 || test ! -s conftest.err
configure:4973: $? = 0
configure:4976: test -s conftest.o
configure:4979: $? = 0
configure:4990: result: yes
configure:4944: checking for unistd.h
configure:4960: gcc -c -g -O2  conftest.c >&5
configure:4966: $? = 0
configure:4970: test -z 
			 || test ! -s conftest.err
configure:4973: $? = 0
configure:4976: test -s conftest.o
configure:4979: $? = 0
configure:4990: result: yes
configure:5016: checking dlfcn.h usability
configure:5028: gcc -c -g -O2  conftest.c >&5
configure:5034: $? = 0
configure:5038: test -z 
			 || test ! -s conftest.err
configure:5041: $? = 0
configure:5044: test -s conftest.o
configure:5047: $? = 0
configure:5057: result: yes
configure:5061: checking dlfcn.h presence
configure:5071: gcc -E  conftest.c
configure:5077: $? = 0
configure:5097: result: yes
configure:5132: checking for dlfcn.h
configure:5139: result: yes
configure:5157: checking how to run the C++ preprocessor
configure:5188: g++ -E  conftest.cc
configure:5194: $? = 0
configure:5226: g++ -E  conftest.cc
conftest.cc:26:10: fatal error: ac_nonexistent.h: No such file or directory
   26 | #include <ac_nonexistent.h>
      |          ^~~~~~~~~~~~~~~~~~
compilation terminated.
configure:5232: $? = 1
configure: failed program was:
| /* confdefs.h.  */
| 
| #define PACKAGE_NAME "buddy"
| #define PACKAGE_TARNAME "buddy"
| #define PACKAGE_VERSION "2.4"
| #define PACKAGE_STRING "buddy 2.4"
| #define PACKAGE_BUGREPORT ""
| #define MAJOR_VERSION 2
| #define MINOR_VERSION 4
| #define YYTEXT_POINTER 1
| #ifdef __cplusplus
| extern "C" void std::exit (int) throw (); using std::exit;
| #endif
| #define STDC_HEADERS 1
| #define HAVE_SYS_TYPES_H 1
| #define HAVE_SYS_STAT_H 1
| #define HAVE_STDLIB_H 1
| #define HAVE_STRING_H 1
| #define HAVE_MEMORY_H 1
| #define HAVE_STRINGS_H 1
| #define HAVE_INTTYPES_H 1
| #define HAVE_STDINT_H 1
| #define HAVE_UNISTD_H 1
| #define HAVE_DLFCN_H 1
| /* end confdefs.h.  */
| #include <ac_nonexistent.h>
configure:5271: result: g++ -E
configure:5295: g++ -E  conftest.cc
configure:5301: $? = 0
configure:5333: g++ -E  conftest.cc
conftest.cc:26:10: fatal error: ac_nonexistent.h: No such file or directory
   26 | #include <ac_nonexistent.h>
      |          ^~~~~~~~~~~~~~~~~~
compilation terminated.
configure:5339: $? = 1
configure: failed program was:
| /* confdefs.h.  */
| 
| #define PACKAGE_NAME "buddy"
| #define PACKAGE_TARNAME "buddy"
| #define PACKAGE_VERSION "2.4"
| #define PACKAGE_STRING "buddy 2.4"
| #define PACKAGE_BUGREPORT ""
| #define MAJOR_VERSION 2
| #define MINOR_VERSION 4
| #define YYTEXT_POINTER 1
| #ifdef __cplusplus
| extern "C" void std::exit (int) throw (); using std::exit;
| #endif
| #define STDC_HEADERS 1
| #define HAVE_SYS_TYPES_H 1
| #define HAVE_SYS_STAT_H 1
| #define HAVE_STDLIB_H 1
| #define HAVE_STRING_H 1
| #define HAVE_MEMORY_H 1
| #define HAVE_STRINGS_H 1
| #define HAVE_INTTYPES_H 1
| #define HAVE_STDINT_H 1
| #define HAVE_UNISTD_H 1
| #define HAVE_DLFCN_H 1
| /* end confdefs.h.  */
| #include <ac_nonexistent.h>
configure:5434: checking for g77
configure:5463: result: no
configure:5434: checking for f77
configure:5463: result: no
configure:5434: checking for xlf
configure:5463: result: no
configure:5434: checking for frt
configure:5463: result: no
configure:5434: checking for pgf77
configure:5463: result: no
configure:5434: checking for fort77
configure:5463: result: no
configure:5434: checking for fl32
configure:5463: result: no
configure:5434: checking for af77
configure:5463: result: no
configure:5434: checking for f90
configure:5463: result: no
configure:5434: checking for xlf90
configure:5463: result: no
configure:5434: checking for pgf90
configure:5463: result: no
configure:5434: checking for epcf90
configure:5463: result: no
configure:5434: checking for f95
configure:5463: result: no
configure:5434: checking for fort
configure:5463: result: no
configure:5434: checking for xlf95
configure:5463: result: no
configure:5434: checking for ifc
configure:5463: result: no
configure:5434: checking for efc
configure:5463: result: no
configure:5434: checking for pgf95
configure:5463: result: no
configure:5434: checking for lf95
configure:5463: result: no
configure:5434: checking for gfortran
configure:5463: result: no
configure:5552: checking for Fortran 77 compiler version
configure:5478:  --version </dev/null >&5
./configure: line 5479: --version: command not found
configure:5481: $? = 127
configure:5483:  -v </dev/null >&5
./configure: line 5484: -v: command not found
configure:5486: $? = 127
configure:5488:  -V </dev/null >&5
./configure: line 5489: -V: command not found
configure:5491: $? = 127
configure:5499: checking whether we are using the GNU Fortran 77 compiler
configure:5513:  -c  conftest.F >&5
./configure: line 5514: -c: command not found
configure:5519: $? = 127
configure: failed program was:
|       program main
| #ifndef __GNUC__
|        choke me
| #endif
| 
|       end
configure:5545: result: no
configure:5551: checking whether  accepts -g
configure:5563:  -c -g conftest.f >&5
./configure: line 5564: -c: command not found
configure:5569: $? = 127
configure: failed program was:
|       program main
| 
|       end
configure:5594: result: no
configure:5624: checking the maximum length of command line arguments
configure:5689: result: 32768
configure:5700: checking command to parse /usr/bin/nm -B output from gcc object
configure:5789: gcc -c -g -O2  conftest.c >&5
configure:5792: $? = 0
configure:5796: /usr/bin/nm -B conftest.o \| sed -n -e 's/^.*[ 	]\([ABCDGIRSTW][ABCDGIRSTW]*\)[ 	][ 	]*\(\)\([_A-Za-z][_A-Za-z0-9]*\)$/\1 \2\3 \3/p' \> conftest.nm
configure:5799: $? = 0
configure:5851: gcc -o conftest -g -O2   conftest.c conftstm.o >&5
configure:5854: $? = 0
configure:5892: result: ok
configure:5896: checking for objdir
configure:5911: result: .libs
configure:6001: checking for ar
configure:6017: found /usr/bin/ar
configure:6028: result: ar
configure:6081: checking for ranlib
configure:6097: found /usr/bin/ranlib
configure:6108: result: ranlib
configure:6161: checking for strip
configure:6177: found /usr/bin/strip
configure:6188: result: strip
configure:6450: checking if gcc static flag  works
configure:6473: result: yes
configure:6491: checking if gcc supports -fno-rtti -fno-exceptions
configure:6586: gcc -c -g -O2  -fno-rtti -fno-exceptions conftest.c >&5
cc1: warning: command line option '-fno-rtti' is valid for C++/D/ObjC++ but not for C
configure:6590: $? = 0
configure:6524: result: no
configure:6516: checking for gcc option to produce PIC
configure:6693: result: -fPIC
configure:6701: checking if gcc PIC flag -fPIC works
configure:6819: gcc -c -g -O2  -fPIC -DPIC conftest.c >&5
configure:6823: $? = 0
configure:6734: result: yes
configure:6731: checking if gcc supports -c -o file.o
configure:6879: gcc -c -g -O2  -o out/conftest2.o conftest.c >&5
configure:6883: $? = 0
configure:6754: result: yes
configure:6780: checking whether the gcc linker (/usr/bin/ld -m elf_x86_64) supports shared libraries
configure:7628: result: yes
configure:7654: checking whether -lc should be explicitly linked in
configure:7659: gcc -c -g -O2  conftest.c >&5
configure:7662: $? = 0
configure:7676: gcc -shared conftest.o  -v -Wl,-soname -Wl,conftest -o conftest 2\>\&1 \| grep  -lc  \>/dev/null 2\>\&1
configure:7679: $? = 0
configure:7691: result: no
configure:7699: checking dynamic linker characteristics
configure:8245: result: GNU/Linux ld.so
configure:8249: checking how to hardcode library paths into programs
configure:8274: result: immediate
configure:8288: checking whether stripping libraries is possible
configure:8293: result: yes
configure:9123: checking if libtool supports shared libraries
configure:9125: result: yes
configure:9128: checking whether to build shared libraries
configure:9186: result: yes
configure:9189: checking whether to build static libraries
configure:9193: result: yes
configure:9285: creating libtool
configure:9832: checking for ld used by g++
configure:9899: result: /usr/bin/ld -m elf_x86_64
configure:9908: checking if the linker (/usr/bin/ld -m elf_x86_64) is GNU ld
configure:9923: result: yes
configure:9974: checking whether the g++ linker (/usr/bin/ld -m elf_x86_64) supports shared libraries
configure:10802: result: yes
configure:10820: g++ -c -g -O2  conftest.cc >&5
configure:10823: $? = 0
configure:10919: checking for g++ option to produce PIC
configure:11171: result: -fPIC
configure:11179: checking if g++ PIC flag -fPIC works
configure:11346: g++ -c -g -O2  -fPIC -DPIC conftest.cc >&5
configure:11350: $? = 0
configure:11212: result: yes
configure:11236: checking if g++ supports -c -o file.o
configure:11406: g++ -c -g -O2  -o out/conftest2.o conftest.cc >&5
configure:11410: $? = 0
configure:11281: result: yes
configure:11307: checking whether the g++ linker (/usr/bin/ld -m elf_x86_64) supports shared libraries
configure:11332: result: yes
configure:11403: checking dynamic linker characteristics
configure:11949: result: GNU/Linux ld.so
configure:11953: checking how to hardcode library paths into programs
configure:11978: result: immediate
configure:11992: checking whether stripping libraries is possible
configure:11997: result: yes
configure:19398: creating ./config.status

## ---------------------- ##
## Running config.status. ##
## ---------------------- ##

This file was extended by buddy config.status 2.4, which was
generated by GNU Autoconf 2.59.  Invocation command line was

  CONFIG_FILES    = 
  CONFIG_HEADERS  = 
  CONFIG_LINKS    = 
  CONFIG_COMMANDS = 
  $ ./config.status 

on techelite-desktop

config.status:714: creating Makefile
config.status:714: creating src/Makefile
config.status:714: creating doc/Makefile
config.status:714: creating examples/Makefile
config.status:714: creating examples/adder/Makefile
config.status:714: creating examples/bddcalc/Makefile
config.status:714: creating examples/bddtest/Makefile
config.status:714: creating examples/cmilner/Makefile
config.status:714: creating examples/fdd/Makefile
config.status:714: creating examples/milner/Makefile
config.status:714: creating examples/money/Makefile
config.status:714: creating examples/queen/Makefile
config.status:714: creating examples/solitare/Makefile
config.status:818: creating config.h
config.status:928: config.h is unchanged
config.status:1108: executing depfiles commands

## ---------------- ##
## Cache variables. ##
## ---------------- ##

ac_cv_build=x86_64-unknown-linux-gnu
ac_cv_build_alias=x86_64-unknown-linux-gnu
ac_cv_c_compiler_gnu=yes
ac_cv_cxx_compiler_gnu=yes
ac_cv_env_CC_set=
ac_cv_env_CC_value=
ac_cv_env_CFLAGS_set=
ac_cv_env_CFLAGS_value=
ac_cv_env_CPPFLAGS_set=
ac_cv_env_CPPFLAGS_value=
ac_cv_env_CPP_set=
ac_cv_env_CPP_value=
ac_cv_env_CXXCPP_set=
ac_cv_env_CXXCPP_value=
ac_cv_env_CXXFLAGS_set=
ac_cv_env_CXXFLAGS_value=
ac_cv_env_CXX_set=
ac_cv_env_CXX_value=
ac_cv_env_F77_set=
ac_cv_env_F77_value=
ac_cv_env_FFLAGS_set=
ac_cv_env_FFLAGS_value=
ac_cv_env_LDFLAGS_set=
ac_cv_env_LDFLAGS_value=
ac_cv_env_build_alias_set=
ac_cv_env_build_alias_value=
ac_cv_env_host_alias_set=
ac_cv_env_host_alias_value=
ac_cv_env_target_alias_set=
ac_cv_env_target_alias_value=
ac_cv_exeext=
ac_cv_f77_compiler_gnu=no
ac_cv_header_dlfcn_h=yes
ac_cv_header_inttypes_h=yes
ac_cv_header_memory_h=yes
ac_cv_header_stdc=yes
ac_cv_header_stdint_h=yes
ac_cv_header_stdlib_h=yes
ac_cv_header_string_h=yes
ac_cv_header_strings_h=yes
ac_cv_header_sys_stat_h=yes
ac_cv_header_sys_types_h=yes
ac_cv_header_unistd_h=yes
ac_cv_host=x86_64-unknown-linux-gnu
ac_cv_host_alias=x86_64-unknown-linux-gnu
ac_cv_lib_fl_yywrap=no
ac_cv_lib_l_yywrap=yes
ac_cv_objext=o
ac_cv_path_install='/usr/bin/install -c'
ac_cv_prog_AWK=mawk
ac_cv_prog_CPP='gcc -E'
ac_cv_prog_CXXCPP='g++ -E'
ac_cv_prog_LEX=flex
ac_cv_prog_YACC='bison -y'
ac_cv_prog_ac_ct_AR=ar
ac_cv_prog_ac_ct_CC=gcc
ac_cv_prog_ac_ct_CXX=g++
ac_cv_prog_ac_ct_RANLIB=ranlib
ac_cv_prog_ac_ct_STRIP=strip
ac_cv_prog_cc_g=yes
ac_cv_prog_cc_stdc=
ac_cv_prog_cxx_g=yes
ac_cv_prog_egrep='grep -E'
ac_cv_prog_f77_g=no
ac_cv_prog_lex_root=lex.yy
ac_cv_prog_lex_yytext_pointer=yes
ac_cv_prog_make_make_set=yes
am_cv_CC_dependencies_compiler_type=gcc3
am_cv_CXX_dependencies_compiler_type=gcc3
lt_cv_cc_lib64_suffix=yes
lt_cv_deplibs_check_method=pass_all
lt_cv_file_magic_cmd='$MAGIC_CMD'
lt_cv_file_magic_test_file='/lib/libc.so* /lib/libc-*.so'
lt_cv_ld_reload_flag=-r
lt_cv_objdir=.libs
lt_cv_path_LD=/usr/bin/ld
lt_cv_path_LDCXX='/usr/bin/ld -m elf_x86_64'
lt_cv_path_NM='/usr/bin/nm -B'
lt_cv_path_SED=/usr/bin/sed
lt_cv_prog_compiler_c_o=yes
lt_cv_prog_compiler_c_o_CXX=yes
lt_cv_prog_compiler_rtti_exceptions=no
lt_cv_prog_gnu_ld=yes
lt_cv_prog_gnu_ldcxx=yes
lt_cv_sys_global_symbol_pipe='sed -n -e '\''s/^.*[ 	]\([ABCDGIRSTW][ABCDGIRSTW]*\)[ 	][ 	]*\(\)\([_A-Za-z][_A-Za-z0-9]*\)$/\1 \2\3 \3/p'\'''
lt_cv_sys_global_symbol_to_c_name_address='sed -n -e '\''s/^: \([^ ]*\) $/  {\"\1\", (lt_ptr) 0},/p'\'' -e '\''s/^[BCDEGRST] \([^ ]*\) \([^ ]*\)$/  {"\2", (lt_ptr) \&\2},/p'\'''
lt_cv_sys_global_symbol_to_cdecl='sed -n -e '\''s/^. .* \(.*\)$/extern int \1;/p'\'''
lt_cv_sys_max_cmd_len=32768
lt_lt_cv_prog_compiler_c_o='"yes"'
lt_lt_cv_prog_compiler_c_o_CXX='"yes"'
lt_lt_cv_sys_global_symbol_pipe='"sed -n -e '\''s/^.*[ 	]\\([ABCDGIRSTW][ABCDGIRSTW]*\\)[ 	][ 	]*\\(\\)\\([_A-Za-z][_A-Za-z0-9]*\\)\$/\\1 \\2\\3 \\3/p'\''"'
lt_lt_cv_sys_global_symbol_to_c_name_address='"sed -n -e '\''s/^: \\([^ ]*\\) \$/  {\\\"\\1\\\", (lt_ptr) 0},/p'\'' -e '\''s/^[BCDEGRST] \\([^ ]*\\) \\([^ ]*\\)\$/  {\"\\2\", (lt_ptr) \\&\\2},/p'\''"'
lt_lt_cv_sys_global_symbol_to_cdecl='"sed -n -e '\''s/^. .* \\(.*\\)\$/extern int \\1;/p'\''"'

## ----------------- ##
## Output variables. ##
## ----------------- ##

ACLOCAL='${SHELL} /home/techelite/APV/buddy-2.4/tools/missing --run aclocal-1.8'
AMDEPBACKSLASH='\'
AMDEP_FALSE='#'
AMDEP_TRUE=''
AMTAR='${SHELL} /home/techelite/APV/buddy-2.4/tools/missing --run tar'
AR='ar'
AUTOCONF='${SHELL} /home/techelite/APV/buddy-2.4/tools/missing --run autoconf'
AUTOHEADER='${SHELL} /home/techelite/APV/buddy-2.4/tools/missing --run autoheader'
AUTOMAKE='${SHELL} /home/techelite/APV/buddy-2.4/tools/missing --run automake-1.8'
AWK='mawk'
CC='gcc'
CCDEPMODE='depmode=gcc3'
CFLAGS='-g -O2'
CPP='gcc -E'
CPPFLAGS=''
CXX='g++'
CXXCPP='g++ -E'
CXXDEPMODE='depmode=gcc3'
CXXFLAGS='-g -O2'
CYGPATH_W='echo'
DEFS='-DHAVE_CONFIG_H'
DEPDIR='.deps'
ECHO='echo'
ECHO_C=''
ECHO_N='-n'
ECHO_T=''
EGREP='grep -E'
EXEEXT=''
F77=''
FFLAGS=''
INSTALL_DATA='${INSTALL} -m 644'
INSTALL_PROGRAM='${INSTALL}'
INSTALL_SCRIPT='${INSTALL}'
INSTALL_STRIP_PROGRAM='${SHELL} $(install_sh) -c -s'
LDFLAGS=''
LEX='flex'
LEXLIB='-ll'
LEX_OUTPUT_ROOT='lex.yy'
LIBOBJS=''
LIBS=''
LIBTOOL='$(SHELL) $(top_builddir)/libtool'
LN_S='ln -s'
LTLIBOBJS=''
MAKEINFO='${SHELL} /home/techelite/APV/buddy-2.4/tools/missing --run makeinfo'
OBJEXT='o'
PACKAGE='buddy'
PACKAGE_BUGREPORT=''
PACKAGE_NAME='buddy'
PACKAGE_STRING='buddy 2.4'
PACKAGE_TARNAME='buddy'
PACKAGE_VERSION='2.4'
PATH_SEPARATOR=':'
RANLIB='ranlib'
SET_MAKE=''
SHELL='/bin/bash'
STRIP='strip'
VERSION='2.4'
YACC='bison -y'
ac_ct_AR='ar'
ac_ct_CC='gcc'
ac_ct_CXX='g++'
ac_ct_F77=''
ac_ct_RANLIB='ranlib'
ac_ct_STRIP='strip'
am__fastdepCC_FALSE='#'
am__fastdepCC_TRUE=''
am__fastdepCXX_FALSE='#'
am__fastdepCXX_TRUE=''
am__include='include'
am__leading_dot='.'
am__quote=''
bindir='${exec_prefix}/bin'
build='x86_64-unknown-linux-gnu'
build_alias=''
build_cpu='x86_64'
build_os='linux-gnu'
build_vendor='unknown'
datadir='${prefix}/share'
exec_prefix='${prefix}'
host='x86_64-unknown-linux-gnu'
host_alias=''
host_cpu='x86_64'
host_os='linux-gnu'
host_vendor='unknown'
includedir='${prefix}/include'
infodir='${prefix}/info'
install_sh='/home/techelite/APV/buddy-2.4/tools/install-sh'
libdir='${exec_prefix}/lib'
libexecdir='${exec_prefix}/libexec'
localstatedir='${prefix}/var'
mandir='${prefix}/man'
mkdir_p='mkdir -p -- .'
oldincludedir='/usr/include'
prefix='/usr/local'
program_transform_name='s,x,x,'
sbindir='${exec_prefix}/sbin'
sharedstatedir='${prefix}/com'
sysconfdir='${prefix}/etc'
target_alias=''

## ----------- ##
## confdefs.h. ##
## ----------- ##

#define HAVE_DLFCN_H 1
#define HAVE_INTTYPES_H 1
#define HAVE_MEMORY_H 1
#define HAVE_STDINT_H 1
#define HAVE_STDLIB_H 1
#define HAVE_STRINGS_H 1
#define HAVE_STRING_H 1
#define HAVE_SYS_STAT_H 1
#define HAVE_SYS_TYPES_H 1
#define HAVE_UNISTD_H 1
#define MAJOR_VERSION 2
#define MINOR_VERSION 4
#define PACKAGE_BUGREPORT ""
#define PACKAGE_NAME "buddy"
#define PACKAGE_STRING "buddy 2.4"
#define PACKAGE_TARNAME "buddy"
#define PACKAGE_VERSION "2.4"
#define STDC_HEADERS 1
#define YYTEXT_POINTER 1
#endif
#ifdef __cplusplus
extern "C" void std::exit (int) throw (); using std::exit;

configure: exit 0
